0 info it worked if it ends with ok
1 verbose cli [ 'D:\\Program Files\\nodejs\\node.exe',
1 verbose cli   'D:\\Program Files\\nodejs\\node_modules\\npm\\bin\\npm-cli.js',
1 verbose cli   'run',
1 verbose cli   'start',
1 verbose cli   '--scripts-prepend-node-path=auto' ]
2 info using npm@6.5.0
3 info using node@v11.9.0
4 verbose run-script [ 'prestart', 'start', 'poststart' ]
5 info prestart wodiebot@1.0.0
6 info start wodiebot@1.0.0
7 verbose unsafe-perm in lifecycle true
8 info wodiebot@1.0.0 Failed to exec start script
9 verbose stack Error: wodiebot@1.0.0 start: `node app.js`
9 verbose stack Exit status 1
9 verbose stack     at EventEmitter.<anonymous> (D:\Program Files\nodejs\node_modules\npm\lib\utils\lifecycle.js:217:16)
9 verbose stack     at EventEmitter.emit (events.js:197:13)
9 verbose stack     at ChildProcess.<anonymous> (D:\Program Files\nodejs\node_modules\npm\lib\utils\spawn.js:24:14)
9 verbose stack     at ChildProcess.emit (events.js:197:13)
9 verbose stack     at maybeClose (internal/child_process.js:978:16)
9 verbose stack     at Process.ChildProcess._handle.onexit (internal/child_process.js:265:5)
10 verbose pkgid wodiebot@1.0.0
11 verbose cwd D:\Repos\WoDieBot
12 error Windows_NT 10.0.17763
13 error argv "D:\\Program Files\\nodejs\\node.exe" "D:\\Program Files\\nodejs\\node_modules\\npm\\bin\\npm-cli.js" "run" "start" "--scripts-prepend-node-path=auto"
14 error node v11.9.0
15 error npm  v6.5.0
16 error code ELIFECYCLE
17 error wodiebot@1.0.0 start: `node app.js`
17 error Exit status 1
18 error Failed at the wodiebot@1.0.0 start script 'node app.js'.
18 error This is most likely a problem with the wodiebot package,
18 error not with npm itself.
18 error Tell the author that this fails on your system:
18 error     node app.js
18 error You can get information on how to open an issue for this project with:
18 error     npm bugs wodiebot
18 error Or if that isn't available, you can get their info via:
18 error
18 error     npm owner ls wodiebot
18 error There is likely additional logging output above.
19 verbose exit [ 1, true ]
